-------------------------------------------------------------------------------
Test set: com.example.demo.RmsApplicationTests
-------------------------------------------------------------------------------
Tests run: 1, Failures: 0, Errors: 1, Skipped: 0, Time elapsed: 0.455 s <<< FAILURE! - in com.example.demo.RmsApplicationTests
com.example.demo.RmsApplicationTests  Time elapsed: 0.454 s  <<< ERROR!
java.lang.IllegalStateException: Unable to find a @SpringBootConfiguration, you need to use @ContextConfiguration or @SpringBootTest(classes=...) with your test

